<?xml version="1.0" encoding="UTF-8"?>
<testng-results ignored="0" total="1" passed="1" failed="0" skipped="0">
  <reporter-output>
  </reporter-output>
  <suite started-at="2024-11-04T12:12:19Z" name="Default suite" finished-at="2024-11-04T12:12:27Z" duration-ms="7229">
    <groups>
    </groups>
    <test started-at="2024-11-04T12:12:19Z" name="Default test" finished-at="2024-11-04T12:12:27Z" duration-ms="7229">
      <class name="suite.Test_01_logintoswaglab">
        <test-method is-config="true" signature="launchBrowser()[pri:0, instance:suite.Test_01_logintoswaglab@5149d738]" started-at="2024-11-04T17:42:19Z" name="launchBrowser" finished-at="2024-11-04T17:42:24Z" duration-ms="5033" status="PASS">
          <reporter-output>
          </reporter-output>
        </test-method> <!-- launchBrowser -->
        <test-method signature="loginscript()[pri:0, instance:suite.Test_01_logintoswaglab@5149d738]" started-at="2024-11-04T17:42:24Z" name="loginscript" finished-at="2024-11-04T17:42:26Z" duration-ms="1422" status="PASS">
          <reporter-output>
          </reporter-output>
        </test-method> <!-- loginscript -->
        <test-method is-config="true" signature="closebrowser()[pri:0, instance:suite.Test_01_logintoswaglab@5149d738]" started-at="2024-11-04T17:42:26Z" name="closebrowser" finished-at="2024-11-04T17:42:27Z" duration-ms="734" status="PASS">
          <reporter-output>
          </reporter-output>
        </test-method> <!-- closebrowser -->
      </class> <!-- suite.Test_01_logintoswaglab -->
    </test> <!-- Default test -->
  </suite> <!-- Default suite -->
</testng-results>
